<?xml version="1.0" encoding="UTF-8"?>
<!-- Generated by org.testng.reporters.JUnitReportReporter -->
<testsuite skipped="0" hostname="DESKTOP-NQAC3DT" name="com.amazon.NewTest"
	tests="1" failures="0" timestamp="08 Mar 2018 05:50:31 GMT" time="78.918"
	errors="0">
	<testcase name="f" time="78.918" classname="com.amazon.NewTest" />
</testsuite> <!-- com.amazon.NewTest -->
